[0.050s] Invoking command in '/home/ashay/robot_ws/build/cleaner_bot': CMAKE_PREFIX_PATH=${CMAKE_PREFIX_PATH}:/opt/ros/humble /usr/bin/cmake /home/ashay/robot_ws/src/cleaner_bot-main -DCMAKE_INSTALL_PREFIX=/home/ashay/robot_ws/install/cleaner_bot
[0.141s] -- The C compiler identification is GNU 11.4.0
[0.201s] -- The CXX compiler identification is GNU 11.4.0
[0.208s] -- Detecting C compiler ABI info
[0.260s] -- Detecting C compiler ABI info - done
[0.265s] -- Check for working C compiler: /usr/bin/cc - skipped
[0.265s] -- Detecting C compile features
[0.266s] -- Detecting C compile features - done
[0.268s] -- Detecting CXX compiler ABI info
[0.329s] -- Detecting CXX compiler ABI info - done
[0.335s] -- Check for working CXX compiler: /usr/bin/c++ - skipped
[0.335s] -- Detecting CXX compile features
[0.336s] -- Detecting CXX compile features - done
[0.339s] -- Found ament_cmake: 1.3.6 (/opt/ros/humble/share/ament_cmake/cmake)
[0.460s] -- Found Python3: /usr/bin/python3.10 (found version "3.10.12") found components: Interpreter 
[0.536s] -- Found ament_lint_auto: 0.12.9 (/opt/ros/humble/share/ament_lint_auto/cmake)
[0.599s] -- Added test 'copyright' to check source files copyright and LICENSE
[0.601s] -- Added test 'flake8' to check Python code syntax and style conventions
[0.601s] -- Added test 'lint_cmake' to check CMake code style
[0.602s] -- Added test 'pep257' to check Python code against some of the docstring style conventions in PEP 257
[0.602s] -- Added test 'xmllint' to check XML markup files
[0.604s] -- Configuring done
[0.605s] -- Generating done
[0.605s] -- Build files have been written to: /home/ashay/robot_ws/build/cleaner_bot
[0.608s] Invoked command in '/home/ashay/robot_ws/build/cleaner_bot' returned '0': CMAKE_PREFIX_PATH=${CMAKE_PREFIX_PATH}:/opt/ros/humble /usr/bin/cmake /home/ashay/robot_ws/src/cleaner_bot-main -DCMAKE_INSTALL_PREFIX=/home/ashay/robot_ws/install/cleaner_bot
[0.610s] Invoking command in '/home/ashay/robot_ws/build/cleaner_bot': CMAKE_PREFIX_PATH=${CMAKE_PREFIX_PATH}:/opt/ros/humble /usr/bin/cmake --build /home/ashay/robot_ws/build/cleaner_bot -- -j8 -l8
[0.639s] Invoked command in '/home/ashay/robot_ws/build/cleaner_bot' returned '0': CMAKE_PREFIX_PATH=${CMAKE_PREFIX_PATH}:/opt/ros/humble /usr/bin/cmake --build /home/ashay/robot_ws/build/cleaner_bot -- -j8 -l8
[0.663s] Invoking command in '/home/ashay/robot_ws/build/cleaner_bot': CMAKE_PREFIX_PATH=${CMAKE_PREFIX_PATH}:/opt/ros/humble /usr/bin/cmake --install /home/ashay/robot_ws/build/cleaner_bot
[0.668s] -- Install configuration: ""
[0.668s] -- Installing: /home/ashay/robot_ws/install/cleaner_bot/share/cleaner_bot/config
[0.668s] -- Installing: /home/ashay/robot_ws/install/cleaner_bot/share/cleaner_bot/config/empty.yaml
[0.669s] -- Installing: /home/ashay/robot_ws/install/cleaner_bot/share/cleaner_bot/description
[0.669s] -- Installing: /home/ashay/robot_ws/install/cleaner_bot/share/cleaner_bot/description/robot.urdf.xacro
[0.669s] -- Installing: /home/ashay/robot_ws/install/cleaner_bot/share/cleaner_bot/launch
[0.669s] -- Installing: /home/ashay/robot_ws/install/cleaner_bot/share/cleaner_bot/launch/rsp.launch.py
[0.669s] -- Installing: /home/ashay/robot_ws/install/cleaner_bot/share/cleaner_bot/worlds
[0.669s] -- Installing: /home/ashay/robot_ws/install/cleaner_bot/share/cleaner_bot/worlds/empty.world
[0.669s] -- Installing: /home/ashay/robot_ws/install/cleaner_bot/share/ament_index/resource_index/package_run_dependencies/cleaner_bot
[0.669s] -- Installing: /home/ashay/robot_ws/install/cleaner_bot/share/ament_index/resource_index/parent_prefix_path/cleaner_bot
[0.669s] -- Installing: /home/ashay/robot_ws/install/cleaner_bot/share/cleaner_bot/environment/ament_prefix_path.sh
[0.669s] -- Installing: /home/ashay/robot_ws/install/cleaner_bot/share/cleaner_bot/environment/ament_prefix_path.dsv
[0.669s] -- Installing: /home/ashay/robot_ws/install/cleaner_bot/share/cleaner_bot/environment/path.sh
[0.669s] -- Installing: /home/ashay/robot_ws/install/cleaner_bot/share/cleaner_bot/environment/path.dsv
[0.669s] -- Installing: /home/ashay/robot_ws/install/cleaner_bot/share/cleaner_bot/local_setup.bash
[0.669s] -- Installing: /home/ashay/robot_ws/install/cleaner_bot/share/cleaner_bot/local_setup.sh
[0.669s] -- Installing: /home/ashay/robot_ws/install/cleaner_bot/share/cleaner_bot/local_setup.zsh
[0.669s] -- Installing: /home/ashay/robot_ws/install/cleaner_bot/share/cleaner_bot/local_setup.dsv
[0.669s] -- Installing: /home/ashay/robot_ws/install/cleaner_bot/share/cleaner_bot/package.dsv
[0.669s] -- Installing: /home/ashay/robot_ws/install/cleaner_bot/share/ament_index/resource_index/packages/cleaner_bot
[0.669s] -- Installing: /home/ashay/robot_ws/install/cleaner_bot/share/cleaner_bot/cmake/cleaner_botConfig.cmake
[0.669s] -- Installing: /home/ashay/robot_ws/install/cleaner_bot/share/cleaner_bot/cmake/cleaner_botConfig-version.cmake
[0.670s] -- Installing: /home/ashay/robot_ws/install/cleaner_bot/share/cleaner_bot/package.xml
[0.671s] Invoked command in '/home/ashay/robot_ws/build/cleaner_bot' returned '0': CMAKE_PREFIX_PATH=${CMAKE_PREFIX_PATH}:/opt/ros/humble /usr/bin/cmake --install /home/ashay/robot_ws/build/cleaner_bot
