[0.053s] Invoking command in '/home/ashay/robot_ws/build/cleaner_bot': CMAKE_PREFIX_PATH=${CMAKE_PREFIX_PATH}:/opt/ros/humble /usr/bin/cmake --build /home/ashay/robot_ws/build/cleaner_bot -- -j8 -l8
[0.069s] -- Found ament_cmake: 1.3.6 (/opt/ros/humble/share/ament_cmake/cmake)
[0.165s] -- Found ament_lint_auto: 0.12.9 (/opt/ros/humble/share/ament_lint_auto/cmake)
[0.208s] -- Added test 'copyright' to check source files copyright and LICENSE
[0.209s] -- Added test 'flake8' to check Python code syntax and style conventions
[0.210s] -- Added test 'lint_cmake' to check CMake code style
[0.210s] -- Added test 'pep257' to check Python code against some of the docstring style conventions in PEP 257
[0.211s] -- Added test 'xmllint' to check XML markup files
[0.211s] -- Configuring done
[0.213s] -- Generating done
[0.213s] -- Build files have been written to: /home/ashay/robot_ws/build/cleaner_bot
[0.229s] Invoked command in '/home/ashay/robot_ws/build/cleaner_bot' returned '0': CMAKE_PREFIX_PATH=${CMAKE_PREFIX_PATH}:/opt/ros/humble /usr/bin/cmake --build /home/ashay/robot_ws/build/cleaner_bot -- -j8 -l8
[0.267s] Invoking command in '/home/ashay/robot_ws/build/cleaner_bot': CMAKE_PREFIX_PATH=${CMAKE_PREFIX_PATH}:/opt/ros/humble /usr/bin/cmake --install /home/ashay/robot_ws/build/cleaner_bot
[0.276s] -- Install configuration: ""
[0.276s] -- Up-to-date: /home/ashay/robot_ws/install/cleaner_bot/share/cleaner_bot/config
[0.276s] -- Up-to-date: /home/ashay/robot_ws/install/cleaner_bot/share/cleaner_bot/config/view_bot.rviz
[0.276s] -- Up-to-date: /home/ashay/robot_ws/install/cleaner_bot/share/cleaner_bot/config/empty.yaml
[0.276s] -- Up-to-date: /home/ashay/robot_ws/install/cleaner_bot/share/cleaner_bot/config/my_controllers.yaml
[0.276s] -- Up-to-date: /home/ashay/robot_ws/install/cleaner_bot/share/cleaner_bot/description
[0.276s] -- Up-to-date: /home/ashay/robot_ws/install/cleaner_bot/share/cleaner_bot/description/robot_core.xacro
[0.276s] -- Up-to-date: /home/ashay/robot_ws/install/cleaner_bot/share/cleaner_bot/description/robot.urdf.xacro
[0.276s] -- Up-to-date: /home/ashay/robot_ws/install/cleaner_bot/share/cleaner_bot/description/lidar.xacro
[0.277s] -- Up-to-date: /home/ashay/robot_ws/install/cleaner_bot/share/cleaner_bot/description/ros2_control.xacro
[0.277s] -- Up-to-date: /home/ashay/robot_ws/install/cleaner_bot/share/cleaner_bot/description/gazebo_control.xacro
[0.277s] -- Up-to-date: /home/ashay/robot_ws/install/cleaner_bot/share/cleaner_bot/description/inertial_macros.xacro
[0.277s] -- Up-to-date: /home/ashay/robot_ws/install/cleaner_bot/share/cleaner_bot/launch
[0.277s] -- Up-to-date: /home/ashay/robot_ws/install/cleaner_bot/share/cleaner_bot/launch/rsp.launch.py
[0.277s] -- Up-to-date: /home/ashay/robot_ws/install/cleaner_bot/share/cleaner_bot/launch/rplidar.launch.py
[0.277s] -- Up-to-date: /home/ashay/robot_ws/install/cleaner_bot/share/cleaner_bot/launch/launch_sim.launch.py
[0.277s] -- Up-to-date: /home/ashay/robot_ws/install/cleaner_bot/share/cleaner_bot/worlds
[0.277s] -- Up-to-date: /home/ashay/robot_ws/install/cleaner_bot/share/cleaner_bot/worlds/obstacle.world
[0.277s] -- Up-to-date: /home/ashay/robot_ws/install/cleaner_bot/share/cleaner_bot/worlds/empty.world
[0.277s] -- Up-to-date: /home/ashay/robot_ws/install/cleaner_bot/share/cleaner_bot/scripts
[0.277s] -- Up-to-date: /home/ashay/robot_ws/install/cleaner_bot/share/cleaner_bot/scripts/twist_commands.py
[0.277s] -- Installing: /home/ashay/robot_ws/install/cleaner_bot/lib/cleaner_bot/twist_commands.py
[0.277s] -- Up-to-date: /home/ashay/robot_ws/install/cleaner_bot/share/ament_index/resource_index/package_run_dependencies/cleaner_bot
[0.277s] -- Up-to-date: /home/ashay/robot_ws/install/cleaner_bot/share/ament_index/resource_index/parent_prefix_path/cleaner_bot
[0.277s] -- Up-to-date: /home/ashay/robot_ws/install/cleaner_bot/share/cleaner_bot/environment/ament_prefix_path.sh
[0.277s] -- Installing: /home/ashay/robot_ws/install/cleaner_bot/share/cleaner_bot/environment/ament_prefix_path.dsv
[0.277s] -- Up-to-date: /home/ashay/robot_ws/install/cleaner_bot/share/cleaner_bot/environment/path.sh
[0.278s] -- Installing: /home/ashay/robot_ws/install/cleaner_bot/share/cleaner_bot/environment/path.dsv
[0.278s] -- Up-to-date: /home/ashay/robot_ws/install/cleaner_bot/share/cleaner_bot/local_setup.bash
[0.278s] -- Up-to-date: /home/ashay/robot_ws/install/cleaner_bot/share/cleaner_bot/local_setup.sh
[0.278s] -- Up-to-date: /home/ashay/robot_ws/install/cleaner_bot/share/cleaner_bot/local_setup.zsh
[0.278s] -- Installing: /home/ashay/robot_ws/install/cleaner_bot/share/cleaner_bot/local_setup.dsv
[0.278s] -- Installing: /home/ashay/robot_ws/install/cleaner_bot/share/cleaner_bot/package.dsv
[0.278s] -- Up-to-date: /home/ashay/robot_ws/install/cleaner_bot/share/ament_index/resource_index/packages/cleaner_bot
[0.278s] -- Up-to-date: /home/ashay/robot_ws/install/cleaner_bot/share/cleaner_bot/cmake/cleaner_botConfig.cmake
[0.278s] -- Up-to-date: /home/ashay/robot_ws/install/cleaner_bot/share/cleaner_bot/cmake/cleaner_botConfig-version.cmake
[0.278s] -- Up-to-date: /home/ashay/robot_ws/install/cleaner_bot/share/cleaner_bot/package.xml
[0.279s] Invoked command in '/home/ashay/robot_ws/build/cleaner_bot' returned '0': CMAKE_PREFIX_PATH=${CMAKE_PREFIX_PATH}:/opt/ros/humble /usr/bin/cmake --install /home/ashay/robot_ws/build/cleaner_bot
