[0.053s] Invoking command in '/home/ashay/robot_ws/build/cleaner_bot': CMAKE_PREFIX_PATH=${CMAKE_PREFIX_PATH}:/opt/ros/humble /usr/bin/cmake --build /home/ashay/robot_ws/build/cleaner_bot -- -j8 -l8
[0.081s] Invoked command in '/home/ashay/robot_ws/build/cleaner_bot' returned '0': CMAKE_PREFIX_PATH=${CMAKE_PREFIX_PATH}:/opt/ros/humble /usr/bin/cmake --build /home/ashay/robot_ws/build/cleaner_bot -- -j8 -l8
[0.105s] Invoking command in '/home/ashay/robot_ws/build/cleaner_bot': CMAKE_PREFIX_PATH=${CMAKE_PREFIX_PATH}:/opt/ros/humble /usr/bin/cmake --install /home/ashay/robot_ws/build/cleaner_bot
[0.111s] -- Install configuration: ""
[0.111s] -- Up-to-date: /home/ashay/robot_ws/install/cleaner_bot/share/cleaner_bot/config
[0.111s] -- Up-to-date: /home/ashay/robot_ws/install/cleaner_bot/share/cleaner_bot/config/empty.yaml
[0.111s] -- Up-to-date: /home/ashay/robot_ws/install/cleaner_bot/share/cleaner_bot/description
[0.111s] -- Up-to-date: /home/ashay/robot_ws/install/cleaner_bot/share/cleaner_bot/description/robot.urdf.xacro
[0.111s] -- Up-to-date: /home/ashay/robot_ws/install/cleaner_bot/share/cleaner_bot/launch
[0.111s] -- Up-to-date: /home/ashay/robot_ws/install/cleaner_bot/share/cleaner_bot/launch/rsp.launch.py
[0.111s] -- Up-to-date: /home/ashay/robot_ws/install/cleaner_bot/share/cleaner_bot/worlds
[0.111s] -- Up-to-date: /home/ashay/robot_ws/install/cleaner_bot/share/cleaner_bot/worlds/empty.world
[0.111s] -- Up-to-date: /home/ashay/robot_ws/install/cleaner_bot/share/ament_index/resource_index/package_run_dependencies/cleaner_bot
[0.111s] -- Up-to-date: /home/ashay/robot_ws/install/cleaner_bot/share/ament_index/resource_index/parent_prefix_path/cleaner_bot
[0.111s] -- Up-to-date: /home/ashay/robot_ws/install/cleaner_bot/share/cleaner_bot/environment/ament_prefix_path.sh
[0.111s] -- Up-to-date: /home/ashay/robot_ws/install/cleaner_bot/share/cleaner_bot/environment/ament_prefix_path.dsv
[0.111s] -- Up-to-date: /home/ashay/robot_ws/install/cleaner_bot/share/cleaner_bot/environment/path.sh
[0.111s] -- Up-to-date: /home/ashay/robot_ws/install/cleaner_bot/share/cleaner_bot/environment/path.dsv
[0.111s] -- Up-to-date: /home/ashay/robot_ws/install/cleaner_bot/share/cleaner_bot/local_setup.bash
[0.111s] -- Up-to-date: /home/ashay/robot_ws/install/cleaner_bot/share/cleaner_bot/local_setup.sh
[0.112s] -- Up-to-date: /home/ashay/robot_ws/install/cleaner_bot/share/cleaner_bot/local_setup.zsh
[0.112s] -- Up-to-date: /home/ashay/robot_ws/install/cleaner_bot/share/cleaner_bot/local_setup.dsv
[0.112s] -- Up-to-date: /home/ashay/robot_ws/install/cleaner_bot/share/cleaner_bot/package.dsv
[0.112s] -- Up-to-date: /home/ashay/robot_ws/install/cleaner_bot/share/ament_index/resource_index/packages/cleaner_bot
[0.112s] -- Up-to-date: /home/ashay/robot_ws/install/cleaner_bot/share/cleaner_bot/cmake/cleaner_botConfig.cmake
[0.112s] -- Up-to-date: /home/ashay/robot_ws/install/cleaner_bot/share/cleaner_bot/cmake/cleaner_botConfig-version.cmake
[0.112s] -- Up-to-date: /home/ashay/robot_ws/install/cleaner_bot/share/cleaner_bot/package.xml
[0.113s] Invoked command in '/home/ashay/robot_ws/build/cleaner_bot' returned '0': CMAKE_PREFIX_PATH=${CMAKE_PREFIX_PATH}:/opt/ros/humble /usr/bin/cmake --install /home/ashay/robot_ws/build/cleaner_bot
