[0.650s] DEBUG:colcon:Command line arguments: ['/home/ashay/.local/bin/colcon', 'build']
[0.650s] DEBUG:colcon:Parsed command line arguments: Namespace(log_base=None, log_level=None, verb_name='build', build_base='build', install_base='install', merge_install=False, symlink_install=False, test_result_base=None, continue_on_error=False, executor='parallel', parallel_workers=8, event_handlers=None, ignore_user_meta=False, metas=['./colcon.meta'], base_paths=['.'], packages_ignore=None, packages_ignore_regex=None, paths=None, packages_up_to=None, packages_up_to_regex=None, packages_above=None, packages_above_and_dependencies=None, packages_above_depth=None, packages_select_by_dep=None, packages_skip_by_dep=None, packages_skip_up_to=None, packages_select_build_failed=False, packages_skip_build_finished=False, packages_select_test_failures=False, packages_skip_test_passed=False, packages_select=None, packages_skip=None, packages_select_regex=None, packages_skip_regex=None, packages_start=None, packages_end=None, allow_overriding=[], cmake_args=None, cmake_target=None, cmake_target_skip_unavailable=False, cmake_clean_cache=False, cmake_clean_first=False, cmake_force_configure=False, ament_cmake_args=None, catkin_cmake_args=None, catkin_skip_building_tests=False, verb_parser=<colcon_defaults.argument_parser.defaults.DefaultArgumentsDecorator object at 0x7fd0a5a6ae90>, verb_extension=<colcon_core.verb.build.BuildVerb object at 0x7fd0a5ef14e0>, main=<bound method BuildVerb.main of <colcon_core.verb.build.BuildVerb object at 0x7fd0a5ef14e0>>)
[0.680s] Level 1:colcon.colcon_core.package_discovery:discover_packages(colcon_meta) check parameters
[0.680s] Level 1:colcon.colcon_core.package_discovery:discover_packages(recursive) check parameters
[0.680s] Level 1:colcon.colcon_core.package_discovery:discover_packages(ignore) check parameters
[0.680s] Level 1:colcon.colcon_core.package_discovery:discover_packages(path) check parameters
[0.680s] Level 1:colcon.colcon_core.package_discovery:discover_packages(colcon_meta) discover
[0.680s] Level 1:colcon.colcon_core.package_discovery:discover_packages(recursive) discover
[0.680s] INFO:colcon.colcon_core.package_discovery:Crawling recursively for packages in '/home/ashay/robot_ws/src'
[0.681s] Level 1:colcon.colcon_core.package_identification:_identify(.) by extensions ['ignore', 'ignore_ament_install']
[0.681s] Level 1:colcon.colcon_core.package_identification:_identify(.) by extension 'ignore'
[0.681s] Level 1:colcon.colcon_core.package_identification:_identify(.) by extension 'ignore_ament_install'
[0.681s] Level 1:colcon.colcon_core.package_identification:_identify(.) by extensions ['colcon_pkg']
[0.681s] Level 1:colcon.colcon_core.package_identification:_identify(.) by extension 'colcon_pkg'
[0.681s] Level 1:colcon.colcon_core.package_identification:_identify(.) by extensions ['colcon_meta']
[0.681s] Level 1:colcon.colcon_core.package_identification:_identify(.) by extension 'colcon_meta'
[0.681s] Level 1:colcon.colcon_core.package_identification:_identify(.) by extensions ['ros']
[0.681s] Level 1:colcon.colcon_core.package_identification:_identify(.) by extension 'ros'
[0.688s] Level 1:colcon.colcon_core.package_identification:_identify(.) by extensions ['cmake', 'python']
[0.688s] Level 1:colcon.colcon_core.package_identification:_identify(.) by extension 'cmake'
[0.688s] Level 1:colcon.colcon_core.package_identification:_identify(.) by extension 'python'
[0.688s] Level 1:colcon.colcon_core.package_identification:_identify(.) by extensions ['python_setup_py']
[0.688s] Level 1:colcon.colcon_core.package_identification:_identify(.) by extension 'python_setup_py'
[0.688s] Level 1:colcon.colcon_core.package_identification:_identify(build) by extensions ['ignore', 'ignore_ament_install']
[0.688s] Level 1:colcon.colcon_core.package_identification:_identify(build) by extension 'ignore'
[0.688s] Level 1:colcon.colcon_core.package_identification:_identify(build) ignored
[0.688s] Level 1:colcon.colcon_core.package_identification:_identify(cleaner_bot) by extensions ['ignore', 'ignore_ament_install']
[0.688s] Level 1:colcon.colcon_core.package_identification:_identify(cleaner_bot) by extension 'ignore'
[0.688s] Level 1:colcon.colcon_core.package_identification:_identify(cleaner_bot) by extension 'ignore_ament_install'
[0.688s] Level 1:colcon.colcon_core.package_identification:_identify(cleaner_bot) by extensions ['colcon_pkg']
[0.688s] Level 1:colcon.colcon_core.package_identification:_identify(cleaner_bot) by extension 'colcon_pkg'
[0.688s] Level 1:colcon.colcon_core.package_identification:_identify(cleaner_bot) by extensions ['colcon_meta']
[0.689s] Level 1:colcon.colcon_core.package_identification:_identify(cleaner_bot) by extension 'colcon_meta'
[0.689s] Level 1:colcon.colcon_core.package_identification:_identify(cleaner_bot) by extensions ['ros']
[0.689s] Level 1:colcon.colcon_core.package_identification:_identify(cleaner_bot) by extension 'ros'
[0.690s] DEBUG:colcon.colcon_core.package_identification:Package 'cleaner_bot' with type 'ros.ament_cmake' and name 'cleaner_bot'
[0.690s] Level 1:colcon.colcon_core.package_identification:_identify(install) by extensions ['ignore', 'ignore_ament_install']
[0.690s] Level 1:colcon.colcon_core.package_identification:_identify(install) by extension 'ignore'
[0.690s] Level 1:colcon.colcon_core.package_identification:_identify(install) ignored
[0.690s] Level 1:colcon.colcon_core.package_identification:_identify(log) by extensions ['ignore', 'ignore_ament_install']
[0.690s] Level 1:colcon.colcon_core.package_identification:_identify(log) by extension 'ignore'
[0.691s] Level 1:colcon.colcon_core.package_identification:_identify(log) ignored
[0.691s] Level 1:colcon.colcon_core.package_discovery:discover_packages(recursive) using defaults
[0.691s] Level 1:colcon.colcon_core.package_discovery:discover_packages(ignore) discover
[0.691s] Level 1:colcon.colcon_core.package_discovery:discover_packages(ignore) using defaults
[0.691s] Level 1:colcon.colcon_core.package_discovery:discover_packages(path) discover
[0.691s] Level 1:colcon.colcon_core.package_discovery:discover_packages(path) using defaults
[0.751s] Level 1:colcon.colcon_core.package_discovery:discover_packages(prefix_path) check parameters
[0.751s] Level 1:colcon.colcon_core.package_discovery:discover_packages(prefix_path) discover
[0.770s] DEBUG:colcon.colcon_installed_package_information.package_discovery:Found 1 installed packages in /home/ashay/robot_ws/src/install
[0.780s] DEBUG:colcon.colcon_installed_package_information.package_discovery:Found 1 installed packages in /home/ashay/robot_ws/install
[0.789s] DEBUG:colcon.colcon_installed_package_information.package_discovery:Found 11 installed packages in /home/ashay/colcon_ws/install
[0.799s] DEBUG:colcon.colcon_installed_package_information.package_discovery:Found 386 installed packages in /opt/ros/humble
[0.800s] Level 1:colcon.colcon_core.package_discovery:discover_packages(prefix_path) using defaults
[0.881s] Level 5:colcon.colcon_core.verb:set package 'cleaner_bot' build argument 'cmake_args' from command line to 'None'
[0.881s] Level 5:colcon.colcon_core.verb:set package 'cleaner_bot' build argument 'cmake_target' from command line to 'None'
[0.881s] Level 5:colcon.colcon_core.verb:set package 'cleaner_bot' build argument 'cmake_target_skip_unavailable' from command line to 'False'
[0.881s] Level 5:colcon.colcon_core.verb:set package 'cleaner_bot' build argument 'cmake_clean_cache' from command line to 'False'
[0.881s] Level 5:colcon.colcon_core.verb:set package 'cleaner_bot' build argument 'cmake_clean_first' from command line to 'False'
[0.881s] Level 5:colcon.colcon_core.verb:set package 'cleaner_bot' build argument 'cmake_force_configure' from command line to 'False'
[0.881s] Level 5:colcon.colcon_core.verb:set package 'cleaner_bot' build argument 'ament_cmake_args' from command line to 'None'
[0.881s] Level 5:colcon.colcon_core.verb:set package 'cleaner_bot' build argument 'catkin_cmake_args' from command line to 'None'
[0.881s] Level 5:colcon.colcon_core.verb:set package 'cleaner_bot' build argument 'catkin_skip_building_tests' from command line to 'False'
[0.881s] DEBUG:colcon.colcon_core.verb:Building package 'cleaner_bot' with the following arguments: {'ament_cmake_args': None, 'build_base': '/home/ashay/robot_ws/src/build/cleaner_bot', 'catkin_cmake_args': None, 'catkin_skip_building_tests': False, 'cmake_args': None, 'cmake_clean_cache': False, 'cmake_clean_first': False, 'cmake_force_configure': False, 'cmake_target': None, 'cmake_target_skip_unavailable': False, 'install_base': '/home/ashay/robot_ws/src/install/cleaner_bot', 'merge_install': False, 'path': '/home/ashay/robot_ws/src/cleaner_bot', 'symlink_install': False, 'test_result_base': None}
[0.890s] INFO:colcon.colcon_core.executor:Executing jobs using 'parallel' executor
[0.902s] DEBUG:colcon.colcon_parallel_executor.executor.parallel:run_until_complete
[0.902s] INFO:colcon.colcon_ros.task.ament_cmake.build:Building ROS package in '/home/ashay/robot_ws/src/cleaner_bot' with build type 'ament_cmake'
[0.902s] INFO:colcon.colcon_cmake.task.cmake.build:Building CMake package in '/home/ashay/robot_ws/src/cleaner_bot'
[0.916s] INFO:colcon.colcon_core.plugin_system:Skipping extension 'colcon_core.shell.bat': Not used on non-Windows systems
[0.916s] INFO:colcon.colcon_core.shell:Skip shell extension 'powershell' for command environment: Not usable outside of PowerShell
[0.916s] DEBUG:colcon.colcon_core.shell:Skip shell extension 'dsv' for command environment
[0.973s] DEBUG:colcon.colcon_core.event_handler.log_command:Invoking command in '/home/ashay/robot_ws/src/build/cleaner_bot': CMAKE_PREFIX_PATH=${CMAKE_PREFIX_PATH}:/opt/ros/humble /usr/bin/cmake --build /home/ashay/robot_ws/src/build/cleaner_bot -- -j8 -l8
[1.002s] DEBUG:colcon.colcon_core.event_handler.log_command:Invoked command in '/home/ashay/robot_ws/src/build/cleaner_bot' returned '0': CMAKE_PREFIX_PATH=${CMAKE_PREFIX_PATH}:/opt/ros/humble /usr/bin/cmake --build /home/ashay/robot_ws/src/build/cleaner_bot -- -j8 -l8
[1.028s] DEBUG:colcon.colcon_core.event_handler.log_command:Invoking command in '/home/ashay/robot_ws/src/build/cleaner_bot': CMAKE_PREFIX_PATH=${CMAKE_PREFIX_PATH}:/opt/ros/humble /usr/bin/cmake --install /home/ashay/robot_ws/src/build/cleaner_bot
[1.035s] Level 1:colcon.colcon_core.environment:create_environment_scripts_only(cleaner_bot)
[1.037s] DEBUG:colcon.colcon_core.event_handler.log_command:Invoked command in '/home/ashay/robot_ws/src/build/cleaner_bot' returned '0': CMAKE_PREFIX_PATH=${CMAKE_PREFIX_PATH}:/opt/ros/humble /usr/bin/cmake --install /home/ashay/robot_ws/src/build/cleaner_bot
[1.048s] Level 1:colcon.colcon_core.environment:checking '/home/ashay/robot_ws/src/install/cleaner_bot' for CMake module files
[1.048s] Level 1:colcon.colcon_core.environment:checking '/home/ashay/robot_ws/src/install/cleaner_bot' for CMake config files
[1.048s] Level 1:colcon.colcon_core.shell:create_environment_hook('cleaner_bot', 'cmake_prefix_path')
[1.057s] INFO:colcon.colcon_core.shell:Creating environment hook '/home/ashay/robot_ws/src/install/cleaner_bot/share/cleaner_bot/hook/cmake_prefix_path.ps1'
[1.058s] INFO:colcon.colcon_core.shell:Creating environment descriptor '/home/ashay/robot_ws/src/install/cleaner_bot/share/cleaner_bot/hook/cmake_prefix_path.dsv'
[1.058s] INFO:colcon.colcon_core.shell:Creating environment hook '/home/ashay/robot_ws/src/install/cleaner_bot/share/cleaner_bot/hook/cmake_prefix_path.sh'
[1.059s] Level 1:colcon.colcon_core.environment:checking '/home/ashay/robot_ws/src/install/cleaner_bot/bin'
[1.059s] Level 1:colcon.colcon_core.environment:checking '/home/ashay/robot_ws/src/install/cleaner_bot/lib/pkgconfig/cleaner_bot.pc'
[1.059s] Level 1:colcon.colcon_core.environment:checking '/home/ashay/robot_ws/src/install/cleaner_bot/lib/python3.10/site-packages'
[1.059s] Level 1:colcon.colcon_core.environment:checking '/home/ashay/robot_ws/src/install/cleaner_bot/bin'
[1.070s] INFO:colcon.colcon_core.shell:Creating package script '/home/ashay/robot_ws/src/install/cleaner_bot/share/cleaner_bot/package.ps1'
[1.071s] INFO:colcon.colcon_core.shell:Creating package descriptor '/home/ashay/robot_ws/src/install/cleaner_bot/share/cleaner_bot/package.dsv'
[1.071s] INFO:colcon.colcon_core.shell:Creating package script '/home/ashay/robot_ws/src/install/cleaner_bot/share/cleaner_bot/package.sh'
[1.071s] INFO:colcon.colcon_core.shell:Creating package script '/home/ashay/robot_ws/src/install/cleaner_bot/share/cleaner_bot/package.bash'
[1.072s] INFO:colcon.colcon_core.shell:Creating package script '/home/ashay/robot_ws/src/install/cleaner_bot/share/cleaner_bot/package.zsh'
[1.072s] Level 1:colcon.colcon_core.environment:create_file_with_runtime_dependencies(/home/ashay/robot_ws/src/install/cleaner_bot/share/colcon-core/packages/cleaner_bot)
[1.100s] Level 1:colcon.colcon_core.environment:create_environment_scripts_only(cleaner_bot)
[1.110s] Level 1:colcon.colcon_core.environment:checking '/home/ashay/robot_ws/src/install/cleaner_bot' for CMake module files
[1.110s] Level 1:colcon.colcon_core.environment:checking '/home/ashay/robot_ws/src/install/cleaner_bot' for CMake config files
[1.110s] Level 1:colcon.colcon_core.shell:create_environment_hook('cleaner_bot', 'cmake_prefix_path')
[1.119s] INFO:colcon.colcon_core.shell:Creating environment hook '/home/ashay/robot_ws/src/install/cleaner_bot/share/cleaner_bot/hook/cmake_prefix_path.ps1'
[1.120s] INFO:colcon.colcon_core.shell:Creating environment descriptor '/home/ashay/robot_ws/src/install/cleaner_bot/share/cleaner_bot/hook/cmake_prefix_path.dsv'
[1.120s] INFO:colcon.colcon_core.shell:Creating environment hook '/home/ashay/robot_ws/src/install/cleaner_bot/share/cleaner_bot/hook/cmake_prefix_path.sh'
[1.120s] Level 1:colcon.colcon_core.environment:checking '/home/ashay/robot_ws/src/install/cleaner_bot/bin'
[1.121s] Level 1:colcon.colcon_core.environment:checking '/home/ashay/robot_ws/src/install/cleaner_bot/lib/pkgconfig/cleaner_bot.pc'
[1.121s] Level 1:colcon.colcon_core.environment:checking '/home/ashay/robot_ws/src/install/cleaner_bot/lib/python3.10/site-packages'
[1.121s] Level 1:colcon.colcon_core.environment:checking '/home/ashay/robot_ws/src/install/cleaner_bot/bin'
[1.131s] INFO:colcon.colcon_core.shell:Creating package script '/home/ashay/robot_ws/src/install/cleaner_bot/share/cleaner_bot/package.ps1'
[1.131s] INFO:colcon.colcon_core.shell:Creating package descriptor '/home/ashay/robot_ws/src/install/cleaner_bot/share/cleaner_bot/package.dsv'
[1.131s] INFO:colcon.colcon_core.shell:Creating package script '/home/ashay/robot_ws/src/install/cleaner_bot/share/cleaner_bot/package.sh'
[1.132s] INFO:colcon.colcon_core.shell:Creating package script '/home/ashay/robot_ws/src/install/cleaner_bot/share/cleaner_bot/package.bash'
[1.132s] INFO:colcon.colcon_core.shell:Creating package script '/home/ashay/robot_ws/src/install/cleaner_bot/share/cleaner_bot/package.zsh'
[1.132s] Level 1:colcon.colcon_core.environment:create_file_with_runtime_dependencies(/home/ashay/robot_ws/src/install/cleaner_bot/share/colcon-core/packages/cleaner_bot)
[1.132s] DEBUG:colcon.colcon_parallel_executor.executor.parallel:closing loop
[1.133s] DEBUG:colcon.colcon_parallel_executor.executor.parallel:loop closed
[1.133s] DEBUG:colcon.colcon_parallel_executor.executor.parallel:run_until_complete finished with '0'
[1.133s] DEBUG:colcon.colcon_core.event_reactor:joining thread
[1.148s] INFO:colcon.colcon_core.plugin_system:Skipping extension 'colcon_notification.desktop_notification.terminal_notifier': Not used on non-Darwin systems
[1.148s] INFO:colcon.colcon_core.plugin_system:Skipping extension 'colcon_notification.desktop_notification.win32': Not used on non-Windows systems
[1.148s] INFO:colcon.colcon_notification.desktop_notification:Sending desktop notification using 'notify2'
[1.155s] DEBUG:colcon.colcon_core.event_reactor:joined thread
[1.166s] INFO:colcon.colcon_core.shell:Creating prefix script '/home/ashay/robot_ws/src/install/local_setup.ps1'
[1.167s] INFO:colcon.colcon_core.shell:Creating prefix util module '/home/ashay/robot_ws/src/install/_local_setup_util_ps1.py'
[1.168s] INFO:colcon.colcon_core.shell:Creating prefix chain script '/home/ashay/robot_ws/src/install/setup.ps1'
[1.178s] INFO:colcon.colcon_core.shell:Creating prefix script '/home/ashay/robot_ws/src/install/local_setup.sh'
[1.179s] INFO:colcon.colcon_core.shell:Creating prefix util module '/home/ashay/robot_ws/src/install/_local_setup_util_sh.py'
[1.179s] INFO:colcon.colcon_core.shell:Creating prefix chain script '/home/ashay/robot_ws/src/install/setup.sh'
[1.189s] INFO:colcon.colcon_core.shell:Creating prefix script '/home/ashay/robot_ws/src/install/local_setup.bash'
[1.189s] INFO:colcon.colcon_core.shell:Creating prefix chain script '/home/ashay/robot_ws/src/install/setup.bash'
[1.200s] INFO:colcon.colcon_core.shell:Creating prefix script '/home/ashay/robot_ws/src/install/local_setup.zsh'
[1.200s] INFO:colcon.colcon_core.shell:Creating prefix chain script '/home/ashay/robot_ws/src/install/setup.zsh'
