[0.053s] Invoking command in '/home/ashay/robot_ws/build/cleaner_bot': CMAKE_PREFIX_PATH=${CMAKE_PREFIX_PATH}:/opt/ros/humble /usr/bin/cmake --build /home/ashay/robot_ws/build/cleaner_bot -- -j8 -l8
[0.068s] -- Found ament_cmake: 1.3.6 (/opt/ros/humble/share/ament_cmake/cmake)
[0.164s] -- Found ament_lint_auto: 0.12.9 (/opt/ros/humble/share/ament_lint_auto/cmake)
[0.207s] -- Added test 'copyright' to check source files copyright and LICENSE
[0.209s] -- Added test 'flake8' to check Python code syntax and style conventions
[0.209s] -- Added test 'lint_cmake' to check CMake code style
[0.209s] -- Added test 'pep257' to check Python code against some of the docstring style conventions in PEP 257
[0.210s] -- Added test 'xmllint' to check XML markup files
[0.210s] -- Configuring done
[0.212s] -- Generating done
[0.212s] -- Build files have been written to: /home/ashay/robot_ws/build/cleaner_bot
[0.228s] Invoked command in '/home/ashay/robot_ws/build/cleaner_bot' returned '0': CMAKE_PREFIX_PATH=${CMAKE_PREFIX_PATH}:/opt/ros/humble /usr/bin/cmake --build /home/ashay/robot_ws/build/cleaner_bot -- -j8 -l8
[0.265s] Invoking command in '/home/ashay/robot_ws/build/cleaner_bot': CMAKE_PREFIX_PATH=${CMAKE_PREFIX_PATH}:/opt/ros/humble /usr/bin/cmake --install /home/ashay/robot_ws/build/cleaner_bot
[0.272s] -- Install configuration: ""
[0.272s] -- Up-to-date: /home/ashay/robot_ws/install/cleaner_bot/share/cleaner_bot/config
[0.272s] -- Up-to-date: /home/ashay/robot_ws/install/cleaner_bot/share/cleaner_bot/config/view_bot.rviz
[0.272s] -- Up-to-date: /home/ashay/robot_ws/install/cleaner_bot/share/cleaner_bot/config/empty.yaml
[0.272s] -- Up-to-date: /home/ashay/robot_ws/install/cleaner_bot/share/cleaner_bot/config/my_controllers.yaml
[0.272s] -- Up-to-date: /home/ashay/robot_ws/install/cleaner_bot/share/cleaner_bot/description
[0.272s] -- Up-to-date: /home/ashay/robot_ws/install/cleaner_bot/share/cleaner_bot/description/robot_core.xacro
[0.273s] -- Up-to-date: /home/ashay/robot_ws/install/cleaner_bot/share/cleaner_bot/description/robot.urdf.xacro
[0.273s] -- Up-to-date: /home/ashay/robot_ws/install/cleaner_bot/share/cleaner_bot/description/lidar.xacro
[0.273s] -- Up-to-date: /home/ashay/robot_ws/install/cleaner_bot/share/cleaner_bot/description/ros2_control.xacro
[0.273s] -- Up-to-date: /home/ashay/robot_ws/install/cleaner_bot/share/cleaner_bot/description/gazebo_control.xacro
[0.273s] -- Up-to-date: /home/ashay/robot_ws/install/cleaner_bot/share/cleaner_bot/description/inertial_macros.xacro
[0.273s] -- Up-to-date: /home/ashay/robot_ws/install/cleaner_bot/share/cleaner_bot/launch
[0.273s] -- Up-to-date: /home/ashay/robot_ws/install/cleaner_bot/share/cleaner_bot/launch/rsp.launch.py
[0.273s] -- Up-to-date: /home/ashay/robot_ws/install/cleaner_bot/share/cleaner_bot/launch/rplidar.launch.py
[0.273s] -- Up-to-date: /home/ashay/robot_ws/install/cleaner_bot/share/cleaner_bot/launch/launch_sim.launch.py
[0.273s] -- Up-to-date: /home/ashay/robot_ws/install/cleaner_bot/share/cleaner_bot/worlds
[0.273s] -- Up-to-date: /home/ashay/robot_ws/install/cleaner_bot/share/cleaner_bot/worlds/obstacle.world
[0.273s] -- Up-to-date: /home/ashay/robot_ws/install/cleaner_bot/share/cleaner_bot/worlds/empty.world
[0.273s] -- Up-to-date: /home/ashay/robot_ws/install/cleaner_bot/share/cleaner_bot/scripts
[0.274s] -- Installing: /home/ashay/robot_ws/install/cleaner_bot/share/cleaner_bot/scripts/twist_commands.py
[0.274s] [31mCMake Error at cmake_install.cmake:56 (file):
[0.274s]   file INSTALL cannot find
[0.274s]   "/home/ashay/robot_ws/src/cleaner_bot-main/scripts/ebot_docking_client.py":
[0.274s]   No such file or directory.
[0.274s] 
[0.274s] [0m
[0.275s] Invoked command in '/home/ashay/robot_ws/build/cleaner_bot' returned '1': CMAKE_PREFIX_PATH=${CMAKE_PREFIX_PATH}:/opt/ros/humble /usr/bin/cmake --install /home/ashay/robot_ws/build/cleaner_bot
