-- Install configuration: ""
-- Up-to-date: /home/ashay/robot_ws/src/install/cleaner_bot/share/cleaner_bot/config
-- Installing: /home/ashay/robot_ws/src/install/cleaner_bot/share/cleaner_bot/config/view_bot.rviz
-- Up-to-date: /home/ashay/robot_ws/src/install/cleaner_bot/share/cleaner_bot/config/empty.yaml
-- Up-to-date: /home/ashay/robot_ws/src/install/cleaner_bot/share/cleaner_bot/description
-- Up-to-date: /home/ashay/robot_ws/src/install/cleaner_bot/share/cleaner_bot/description/robot_core.xacro
-- Up-to-date: /home/ashay/robot_ws/src/install/cleaner_bot/share/cleaner_bot/description/robot.urdf.xacro
-- Up-to-date: /home/ashay/robot_ws/src/install/cleaner_bot/share/cleaner_bot/description/inertial_macros.xacro
-- Up-to-date: /home/ashay/robot_ws/src/install/cleaner_bot/share/cleaner_bot/launch
-- Up-to-date: /home/ashay/robot_ws/src/install/cleaner_bot/share/cleaner_bot/launch/rsp.launch.py
-- Up-to-date: /home/ashay/robot_ws/src/install/cleaner_bot/share/cleaner_bot/worlds
-- Up-to-date: /home/ashay/robot_ws/src/install/cleaner_bot/share/cleaner_bot/worlds/empty.world
-- Up-to-date: /home/ashay/robot_ws/src/install/cleaner_bot/share/ament_index/resource_index/package_run_dependencies/cleaner_bot
-- Up-to-date: /home/ashay/robot_ws/src/install/cleaner_bot/share/ament_index/resource_index/parent_prefix_path/cleaner_bot
-- Up-to-date: /home/ashay/robot_ws/src/install/cleaner_bot/share/cleaner_bot/environment/ament_prefix_path.sh
-- Up-to-date: /home/ashay/robot_ws/src/install/cleaner_bot/share/cleaner_bot/environment/ament_prefix_path.dsv
-- Up-to-date: /home/ashay/robot_ws/src/install/cleaner_bot/share/cleaner_bot/environment/path.sh
-- Up-to-date: /home/ashay/robot_ws/src/install/cleaner_bot/share/cleaner_bot/environment/path.dsv
-- Up-to-date: /home/ashay/robot_ws/src/install/cleaner_bot/share/cleaner_bot/local_setup.bash
-- Up-to-date: /home/ashay/robot_ws/src/install/cleaner_bot/share/cleaner_bot/local_setup.sh
-- Up-to-date: /home/ashay/robot_ws/src/install/cleaner_bot/share/cleaner_bot/local_setup.zsh
-- Up-to-date: /home/ashay/robot_ws/src/install/cleaner_bot/share/cleaner_bot/local_setup.dsv
-- Installing: /home/ashay/robot_ws/src/install/cleaner_bot/share/cleaner_bot/package.dsv
-- Up-to-date: /home/ashay/robot_ws/src/install/cleaner_bot/share/ament_index/resource_index/packages/cleaner_bot
-- Up-to-date: /home/ashay/robot_ws/src/install/cleaner_bot/share/cleaner_bot/cmake/cleaner_botConfig.cmake
-- Up-to-date: /home/ashay/robot_ws/src/install/cleaner_bot/share/cleaner_bot/cmake/cleaner_botConfig-version.cmake
-- Up-to-date: /home/ashay/robot_ws/src/install/cleaner_bot/share/cleaner_bot/package.xml
