[0.621s] DEBUG:colcon:Command line arguments: ['/home/ashay/.local/bin/colcon', 'build']
[0.621s] DEBUG:colcon:Parsed command line arguments: Namespace(log_base=None, log_level=None, verb_name='build', build_base='build', install_base='install', merge_install=False, symlink_install=False, test_result_base=None, continue_on_error=False, executor='parallel', parallel_workers=8, event_handlers=None, ignore_user_meta=False, metas=['./colcon.meta'], base_paths=['.'], packages_ignore=None, packages_ignore_regex=None, paths=None, packages_up_to=None, packages_up_to_regex=None, packages_above=None, packages_above_and_dependencies=None, packages_above_depth=None, packages_select_by_dep=None, packages_skip_by_dep=None, packages_skip_up_to=None, packages_select_build_failed=False, packages_skip_build_finished=False, packages_select_test_failures=False, packages_skip_test_passed=False, packages_select=None, packages_skip=None, packages_select_regex=None, packages_skip_regex=None, packages_start=None, packages_end=None, allow_overriding=[], cmake_args=None, cmake_target=None, cmake_target_skip_unavailable=False, cmake_clean_cache=False, cmake_clean_first=False, cmake_force_configure=False, ament_cmake_args=None, catkin_cmake_args=None, catkin_skip_building_tests=False, verb_parser=<colcon_defaults.argument_parser.defaults.DefaultArgumentsDecorator object at 0x7f9f36c12d40>, verb_extension=<colcon_core.verb.build.BuildVerb object at 0x7f9f370e9120>, main=<bound method BuildVerb.main of <colcon_core.verb.build.BuildVerb object at 0x7f9f370e9120>>)
[0.652s] Level 1:colcon.colcon_core.package_discovery:discover_packages(colcon_meta) check parameters
[0.652s] Level 1:colcon.colcon_core.package_discovery:discover_packages(recursive) check parameters
[0.652s] Level 1:colcon.colcon_core.package_discovery:discover_packages(ignore) check parameters
[0.652s] Level 1:colcon.colcon_core.package_discovery:discover_packages(path) check parameters
[0.652s] Level 1:colcon.colcon_core.package_discovery:discover_packages(colcon_meta) discover
[0.652s] Level 1:colcon.colcon_core.package_discovery:discover_packages(recursive) discover
[0.652s] INFO:colcon.colcon_core.package_discovery:Crawling recursively for packages in '/home/ashay/robot_ws/src'
[0.652s] Level 1:colcon.colcon_core.package_identification:_identify(.) by extensions ['ignore', 'ignore_ament_install']
[0.652s] Level 1:colcon.colcon_core.package_identification:_identify(.) by extension 'ignore'
[0.652s] Level 1:colcon.colcon_core.package_identification:_identify(.) by extension 'ignore_ament_install'
[0.652s] Level 1:colcon.colcon_core.package_identification:_identify(.) by extensions ['colcon_pkg']
[0.652s] Level 1:colcon.colcon_core.package_identification:_identify(.) by extension 'colcon_pkg'
[0.652s] Level 1:colcon.colcon_core.package_identification:_identify(.) by extensions ['colcon_meta']
[0.652s] Level 1:colcon.colcon_core.package_identification:_identify(.) by extension 'colcon_meta'
[0.652s] Level 1:colcon.colcon_core.package_identification:_identify(.) by extensions ['ros']
[0.652s] Level 1:colcon.colcon_core.package_identification:_identify(.) by extension 'ros'
[0.659s] Level 1:colcon.colcon_core.package_identification:_identify(.) by extensions ['cmake', 'python']
[0.659s] Level 1:colcon.colcon_core.package_identification:_identify(.) by extension 'cmake'
[0.659s] Level 1:colcon.colcon_core.package_identification:_identify(.) by extension 'python'
[0.659s] Level 1:colcon.colcon_core.package_identification:_identify(.) by extensions ['python_setup_py']
[0.659s] Level 1:colcon.colcon_core.package_identification:_identify(.) by extension 'python_setup_py'
[0.659s] Level 1:colcon.colcon_core.package_identification:_identify(build) by extensions ['ignore', 'ignore_ament_install']
[0.659s] Level 1:colcon.colcon_core.package_identification:_identify(build) by extension 'ignore'
[0.659s] Level 1:colcon.colcon_core.package_identification:_identify(build) ignored
[0.660s] Level 1:colcon.colcon_core.package_identification:_identify(cleaner_bot) by extensions ['ignore', 'ignore_ament_install']
[0.660s] Level 1:colcon.colcon_core.package_identification:_identify(cleaner_bot) by extension 'ignore'
[0.660s] Level 1:colcon.colcon_core.package_identification:_identify(cleaner_bot) by extension 'ignore_ament_install'
[0.660s] Level 1:colcon.colcon_core.package_identification:_identify(cleaner_bot) by extensions ['colcon_pkg']
[0.660s] Level 1:colcon.colcon_core.package_identification:_identify(cleaner_bot) by extension 'colcon_pkg'
[0.660s] Level 1:colcon.colcon_core.package_identification:_identify(cleaner_bot) by extensions ['colcon_meta']
[0.660s] Level 1:colcon.colcon_core.package_identification:_identify(cleaner_bot) by extension 'colcon_meta'
[0.660s] Level 1:colcon.colcon_core.package_identification:_identify(cleaner_bot) by extensions ['ros']
[0.660s] Level 1:colcon.colcon_core.package_identification:_identify(cleaner_bot) by extension 'ros'
[0.661s] DEBUG:colcon.colcon_core.package_identification:Package 'cleaner_bot' with type 'ros.ament_cmake' and name 'cleaner_bot'
[0.661s] Level 1:colcon.colcon_core.package_identification:_identify(install) by extensions ['ignore', 'ignore_ament_install']
[0.662s] Level 1:colcon.colcon_core.package_identification:_identify(install) by extension 'ignore'
[0.662s] Level 1:colcon.colcon_core.package_identification:_identify(install) ignored
[0.662s] Level 1:colcon.colcon_core.package_identification:_identify(log) by extensions ['ignore', 'ignore_ament_install']
[0.662s] Level 1:colcon.colcon_core.package_identification:_identify(log) by extension 'ignore'
[0.662s] Level 1:colcon.colcon_core.package_identification:_identify(log) ignored
[0.662s] Level 1:colcon.colcon_core.package_discovery:discover_packages(recursive) using defaults
[0.662s] Level 1:colcon.colcon_core.package_discovery:discover_packages(ignore) discover
[0.662s] Level 1:colcon.colcon_core.package_discovery:discover_packages(ignore) using defaults
[0.662s] Level 1:colcon.colcon_core.package_discovery:discover_packages(path) discover
[0.662s] Level 1:colcon.colcon_core.package_discovery:discover_packages(path) using defaults
[0.722s] Level 1:colcon.colcon_core.package_discovery:discover_packages(prefix_path) check parameters
[0.722s] Level 1:colcon.colcon_core.package_discovery:discover_packages(prefix_path) discover
[0.743s] DEBUG:colcon.colcon_installed_package_information.package_discovery:Found 1 installed packages in /home/ashay/robot_ws/install
[0.752s] DEBUG:colcon.colcon_installed_package_information.package_discovery:Found 11 installed packages in /home/ashay/colcon_ws/install
[0.762s] DEBUG:colcon.colcon_installed_package_information.package_discovery:Found 386 installed packages in /opt/ros/humble
[0.763s] Level 1:colcon.colcon_core.package_discovery:discover_packages(prefix_path) using defaults
[0.841s] Level 5:colcon.colcon_core.verb:set package 'cleaner_bot' build argument 'cmake_args' from command line to 'None'
[0.841s] Level 5:colcon.colcon_core.verb:set package 'cleaner_bot' build argument 'cmake_target' from command line to 'None'
[0.842s] Level 5:colcon.colcon_core.verb:set package 'cleaner_bot' build argument 'cmake_target_skip_unavailable' from command line to 'False'
[0.842s] Level 5:colcon.colcon_core.verb:set package 'cleaner_bot' build argument 'cmake_clean_cache' from command line to 'False'
[0.842s] Level 5:colcon.colcon_core.verb:set package 'cleaner_bot' build argument 'cmake_clean_first' from command line to 'False'
[0.842s] Level 5:colcon.colcon_core.verb:set package 'cleaner_bot' build argument 'cmake_force_configure' from command line to 'False'
[0.842s] Level 5:colcon.colcon_core.verb:set package 'cleaner_bot' build argument 'ament_cmake_args' from command line to 'None'
[0.842s] Level 5:colcon.colcon_core.verb:set package 'cleaner_bot' build argument 'catkin_cmake_args' from command line to 'None'
[0.842s] Level 5:colcon.colcon_core.verb:set package 'cleaner_bot' build argument 'catkin_skip_building_tests' from command line to 'False'
[0.842s] DEBUG:colcon.colcon_core.verb:Building package 'cleaner_bot' with the following arguments: {'ament_cmake_args': None, 'build_base': '/home/ashay/robot_ws/src/build/cleaner_bot', 'catkin_cmake_args': None, 'catkin_skip_building_tests': False, 'cmake_args': None, 'cmake_clean_cache': False, 'cmake_clean_first': False, 'cmake_force_configure': False, 'cmake_target': None, 'cmake_target_skip_unavailable': False, 'install_base': '/home/ashay/robot_ws/src/install/cleaner_bot', 'merge_install': False, 'path': '/home/ashay/robot_ws/src/cleaner_bot', 'symlink_install': False, 'test_result_base': None}
[0.851s] INFO:colcon.colcon_core.executor:Executing jobs using 'parallel' executor
[0.861s] DEBUG:colcon.colcon_parallel_executor.executor.parallel:run_until_complete
[0.862s] INFO:colcon.colcon_ros.task.ament_cmake.build:Building ROS package in '/home/ashay/robot_ws/src/cleaner_bot' with build type 'ament_cmake'
[0.862s] INFO:colcon.colcon_cmake.task.cmake.build:Building CMake package in '/home/ashay/robot_ws/src/cleaner_bot'
[0.872s] INFO:colcon.colcon_core.plugin_system:Skipping extension 'colcon_core.shell.bat': Not used on non-Windows systems
[0.873s] INFO:colcon.colcon_core.shell:Skip shell extension 'powershell' for command environment: Not usable outside of PowerShell
[0.873s] DEBUG:colcon.colcon_core.shell:Skip shell extension 'dsv' for command environment
[0.918s] DEBUG:colcon.colcon_core.event_handler.log_command:Invoking command in '/home/ashay/robot_ws/src/build/cleaner_bot': CMAKE_PREFIX_PATH=${CMAKE_PREFIX_PATH}:/opt/ros/humble /usr/bin/cmake --build /home/ashay/robot_ws/src/build/cleaner_bot -- -j8 -l8
[0.948s] DEBUG:colcon.colcon_core.event_handler.log_command:Invoked command in '/home/ashay/robot_ws/src/build/cleaner_bot' returned '0': CMAKE_PREFIX_PATH=${CMAKE_PREFIX_PATH}:/opt/ros/humble /usr/bin/cmake --build /home/ashay/robot_ws/src/build/cleaner_bot -- -j8 -l8
[0.972s] DEBUG:colcon.colcon_core.event_handler.log_command:Invoking command in '/home/ashay/robot_ws/src/build/cleaner_bot': CMAKE_PREFIX_PATH=${CMAKE_PREFIX_PATH}:/opt/ros/humble /usr/bin/cmake --install /home/ashay/robot_ws/src/build/cleaner_bot
[0.980s] Level 1:colcon.colcon_core.environment:create_environment_scripts_only(cleaner_bot)
[0.981s] DEBUG:colcon.colcon_core.event_handler.log_command:Invoked command in '/home/ashay/robot_ws/src/build/cleaner_bot' returned '0': CMAKE_PREFIX_PATH=${CMAKE_PREFIX_PATH}:/opt/ros/humble /usr/bin/cmake --install /home/ashay/robot_ws/src/build/cleaner_bot
[0.992s] Level 1:colcon.colcon_core.environment:checking '/home/ashay/robot_ws/src/install/cleaner_bot' for CMake module files
[0.992s] Level 1:colcon.colcon_core.environment:checking '/home/ashay/robot_ws/src/install/cleaner_bot' for CMake config files
[0.993s] Level 1:colcon.colcon_core.shell:create_environment_hook('cleaner_bot', 'cmake_prefix_path')
[1.002s] INFO:colcon.colcon_core.shell:Creating environment hook '/home/ashay/robot_ws/src/install/cleaner_bot/share/cleaner_bot/hook/cmake_prefix_path.ps1'
[1.003s] INFO:colcon.colcon_core.shell:Creating environment descriptor '/home/ashay/robot_ws/src/install/cleaner_bot/share/cleaner_bot/hook/cmake_prefix_path.dsv'
[1.003s] INFO:colcon.colcon_core.shell:Creating environment hook '/home/ashay/robot_ws/src/install/cleaner_bot/share/cleaner_bot/hook/cmake_prefix_path.sh'
[1.004s] Level 1:colcon.colcon_core.environment:checking '/home/ashay/robot_ws/src/install/cleaner_bot/bin'
[1.004s] Level 1:colcon.colcon_core.environment:checking '/home/ashay/robot_ws/src/install/cleaner_bot/lib/pkgconfig/cleaner_bot.pc'
[1.004s] Level 1:colcon.colcon_core.environment:checking '/home/ashay/robot_ws/src/install/cleaner_bot/lib/python3.10/site-packages'
[1.004s] Level 1:colcon.colcon_core.environment:checking '/home/ashay/robot_ws/src/install/cleaner_bot/bin'
[1.013s] INFO:colcon.colcon_core.shell:Creating package script '/home/ashay/robot_ws/src/install/cleaner_bot/share/cleaner_bot/package.ps1'
[1.014s] INFO:colcon.colcon_core.shell:Creating package descriptor '/home/ashay/robot_ws/src/install/cleaner_bot/share/cleaner_bot/package.dsv'
[1.014s] INFO:colcon.colcon_core.shell:Creating package script '/home/ashay/robot_ws/src/install/cleaner_bot/share/cleaner_bot/package.sh'
[1.015s] INFO:colcon.colcon_core.shell:Creating package script '/home/ashay/robot_ws/src/install/cleaner_bot/share/cleaner_bot/package.bash'
[1.015s] INFO:colcon.colcon_core.shell:Creating package script '/home/ashay/robot_ws/src/install/cleaner_bot/share/cleaner_bot/package.zsh'
[1.016s] Level 1:colcon.colcon_core.environment:create_file_with_runtime_dependencies(/home/ashay/robot_ws/src/install/cleaner_bot/share/colcon-core/packages/cleaner_bot)
[1.043s] Level 1:colcon.colcon_core.environment:create_environment_scripts_only(cleaner_bot)
[1.052s] Level 1:colcon.colcon_core.environment:checking '/home/ashay/robot_ws/src/install/cleaner_bot' for CMake module files
[1.053s] Level 1:colcon.colcon_core.environment:checking '/home/ashay/robot_ws/src/install/cleaner_bot' for CMake config files
[1.053s] Level 1:colcon.colcon_core.shell:create_environment_hook('cleaner_bot', 'cmake_prefix_path')
[1.062s] INFO:colcon.colcon_core.shell:Creating environment hook '/home/ashay/robot_ws/src/install/cleaner_bot/share/cleaner_bot/hook/cmake_prefix_path.ps1'
[1.063s] INFO:colcon.colcon_core.shell:Creating environment descriptor '/home/ashay/robot_ws/src/install/cleaner_bot/share/cleaner_bot/hook/cmake_prefix_path.dsv'
[1.063s] INFO:colcon.colcon_core.shell:Creating environment hook '/home/ashay/robot_ws/src/install/cleaner_bot/share/cleaner_bot/hook/cmake_prefix_path.sh'
[1.063s] Level 1:colcon.colcon_core.environment:checking '/home/ashay/robot_ws/src/install/cleaner_bot/bin'
[1.063s] Level 1:colcon.colcon_core.environment:checking '/home/ashay/robot_ws/src/install/cleaner_bot/lib/pkgconfig/cleaner_bot.pc'
[1.063s] Level 1:colcon.colcon_core.environment:checking '/home/ashay/robot_ws/src/install/cleaner_bot/lib/python3.10/site-packages'
[1.063s] Level 1:colcon.colcon_core.environment:checking '/home/ashay/robot_ws/src/install/cleaner_bot/bin'
[1.073s] INFO:colcon.colcon_core.shell:Creating package script '/home/ashay/robot_ws/src/install/cleaner_bot/share/cleaner_bot/package.ps1'
[1.073s] INFO:colcon.colcon_core.shell:Creating package descriptor '/home/ashay/robot_ws/src/install/cleaner_bot/share/cleaner_bot/package.dsv'
[1.073s] INFO:colcon.colcon_core.shell:Creating package script '/home/ashay/robot_ws/src/install/cleaner_bot/share/cleaner_bot/package.sh'
[1.074s] INFO:colcon.colcon_core.shell:Creating package script '/home/ashay/robot_ws/src/install/cleaner_bot/share/cleaner_bot/package.bash'
[1.074s] INFO:colcon.colcon_core.shell:Creating package script '/home/ashay/robot_ws/src/install/cleaner_bot/share/cleaner_bot/package.zsh'
[1.074s] Level 1:colcon.colcon_core.environment:create_file_with_runtime_dependencies(/home/ashay/robot_ws/src/install/cleaner_bot/share/colcon-core/packages/cleaner_bot)
[1.074s] DEBUG:colcon.colcon_parallel_executor.executor.parallel:closing loop
[1.074s] DEBUG:colcon.colcon_parallel_executor.executor.parallel:loop closed
[1.074s] DEBUG:colcon.colcon_parallel_executor.executor.parallel:run_until_complete finished with '0'
[1.074s] DEBUG:colcon.colcon_core.event_reactor:joining thread
[1.087s] INFO:colcon.colcon_core.plugin_system:Skipping extension 'colcon_notification.desktop_notification.terminal_notifier': Not used on non-Darwin systems
[1.087s] INFO:colcon.colcon_core.plugin_system:Skipping extension 'colcon_notification.desktop_notification.win32': Not used on non-Windows systems
[1.087s] INFO:colcon.colcon_notification.desktop_notification:Sending desktop notification using 'notify2'
[1.096s] DEBUG:colcon.colcon_core.event_reactor:joined thread
[1.106s] INFO:colcon.colcon_core.shell:Creating prefix script '/home/ashay/robot_ws/src/install/local_setup.ps1'
[1.107s] INFO:colcon.colcon_core.shell:Creating prefix util module '/home/ashay/robot_ws/src/install/_local_setup_util_ps1.py'
[1.107s] INFO:colcon.colcon_core.shell:Creating prefix chain script '/home/ashay/robot_ws/src/install/setup.ps1'
[1.117s] INFO:colcon.colcon_core.shell:Creating prefix script '/home/ashay/robot_ws/src/install/local_setup.sh'
[1.118s] INFO:colcon.colcon_core.shell:Creating prefix util module '/home/ashay/robot_ws/src/install/_local_setup_util_sh.py'
[1.118s] INFO:colcon.colcon_core.shell:Creating prefix chain script '/home/ashay/robot_ws/src/install/setup.sh'
[1.128s] INFO:colcon.colcon_core.shell:Creating prefix script '/home/ashay/robot_ws/src/install/local_setup.bash'
[1.128s] INFO:colcon.colcon_core.shell:Creating prefix chain script '/home/ashay/robot_ws/src/install/setup.bash'
[1.138s] INFO:colcon.colcon_core.shell:Creating prefix script '/home/ashay/robot_ws/src/install/local_setup.zsh'
[1.138s] INFO:colcon.colcon_core.shell:Creating prefix chain script '/home/ashay/robot_ws/src/install/setup.zsh'
