[0.053s] Invoking command in '/home/ashay/robot_ws/src/build/cleaner_bot': CMAKE_PREFIX_PATH=${CMAKE_PREFIX_PATH}:/opt/ros/humble /usr/bin/cmake /home/ashay/robot_ws/src/cleaner_bot -DCMAKE_INSTALL_PREFIX=/home/ashay/robot_ws/src/install/cleaner_bot
[0.090s] -- The C compiler identification is GNU 11.4.0
[0.129s] -- The CXX compiler identification is GNU 11.4.0
[0.133s] -- Detecting C compiler ABI info
[0.182s] -- Detecting C compiler ABI info - done
[0.187s] -- Check for working C compiler: /usr/bin/cc - skipped
[0.188s] -- Detecting C compile features
[0.188s] -- Detecting C compile features - done
[0.190s] -- Detecting CXX compiler ABI info
[0.250s] -- Detecting CXX compiler ABI info - done
[0.255s] -- Check for working CXX compiler: /usr/bin/c++ - skipped
[0.255s] -- Detecting CXX compile features
[0.256s] -- Detecting CXX compile features - done
[0.259s] -- Found ament_cmake: 1.3.6 (/opt/ros/humble/share/ament_cmake/cmake)
[0.385s] -- Found Python3: /usr/bin/python3.10 (found version "3.10.12") found components: Interpreter 
[0.454s] -- Found ament_lint_auto: 0.12.9 (/opt/ros/humble/share/ament_lint_auto/cmake)
[0.513s] -- Added test 'copyright' to check source files copyright and LICENSE
[0.514s] -- Added test 'flake8' to check Python code syntax and style conventions
[0.515s] -- Added test 'lint_cmake' to check CMake code style
[0.515s] -- Added test 'pep257' to check Python code against some of the docstring style conventions in PEP 257
[0.516s] -- Added test 'xmllint' to check XML markup files
[0.517s] -- Configuring done
[0.518s] -- Generating done
[0.518s] -- Build files have been written to: /home/ashay/robot_ws/src/build/cleaner_bot
[0.522s] Invoked command in '/home/ashay/robot_ws/src/build/cleaner_bot' returned '0': CMAKE_PREFIX_PATH=${CMAKE_PREFIX_PATH}:/opt/ros/humble /usr/bin/cmake /home/ashay/robot_ws/src/cleaner_bot -DCMAKE_INSTALL_PREFIX=/home/ashay/robot_ws/src/install/cleaner_bot
[0.523s] Invoking command in '/home/ashay/robot_ws/src/build/cleaner_bot': CMAKE_PREFIX_PATH=${CMAKE_PREFIX_PATH}:/opt/ros/humble /usr/bin/cmake --build /home/ashay/robot_ws/src/build/cleaner_bot -- -j8 -l8
[0.553s] Invoked command in '/home/ashay/robot_ws/src/build/cleaner_bot' returned '0': CMAKE_PREFIX_PATH=${CMAKE_PREFIX_PATH}:/opt/ros/humble /usr/bin/cmake --build /home/ashay/robot_ws/src/build/cleaner_bot -- -j8 -l8
[0.579s] Invoking command in '/home/ashay/robot_ws/src/build/cleaner_bot': CMAKE_PREFIX_PATH=${CMAKE_PREFIX_PATH}:/opt/ros/humble /usr/bin/cmake --install /home/ashay/robot_ws/src/build/cleaner_bot
[0.585s] -- Install configuration: ""
[0.585s] -- Installing: /home/ashay/robot_ws/src/install/cleaner_bot/share/cleaner_bot/config
[0.585s] -- Installing: /home/ashay/robot_ws/src/install/cleaner_bot/share/cleaner_bot/config/empty.yaml
[0.585s] -- Installing: /home/ashay/robot_ws/src/install/cleaner_bot/share/cleaner_bot/description
[0.585s] -- Installing: /home/ashay/robot_ws/src/install/cleaner_bot/share/cleaner_bot/description/robot.urdf.xacro
[0.585s] -- Installing: /home/ashay/robot_ws/src/install/cleaner_bot/share/cleaner_bot/launch
[0.586s] -- Installing: /home/ashay/robot_ws/src/install/cleaner_bot/share/cleaner_bot/launch/rsp.launch.py
[0.586s] -- Installing: /home/ashay/robot_ws/src/install/cleaner_bot/share/cleaner_bot/worlds
[0.586s] -- Installing: /home/ashay/robot_ws/src/install/cleaner_bot/share/cleaner_bot/worlds/empty.world
[0.586s] -- Installing: /home/ashay/robot_ws/src/install/cleaner_bot/share/ament_index/resource_index/package_run_dependencies/cleaner_bot
[0.586s] -- Installing: /home/ashay/robot_ws/src/install/cleaner_bot/share/ament_index/resource_index/parent_prefix_path/cleaner_bot
[0.586s] -- Installing: /home/ashay/robot_ws/src/install/cleaner_bot/share/cleaner_bot/environment/ament_prefix_path.sh
[0.586s] -- Installing: /home/ashay/robot_ws/src/install/cleaner_bot/share/cleaner_bot/environment/ament_prefix_path.dsv
[0.586s] -- Installing: /home/ashay/robot_ws/src/install/cleaner_bot/share/cleaner_bot/environment/path.sh
[0.586s] -- Installing: /home/ashay/robot_ws/src/install/cleaner_bot/share/cleaner_bot/environment/path.dsv
[0.586s] -- Installing: /home/ashay/robot_ws/src/install/cleaner_bot/share/cleaner_bot/local_setup.bash
[0.586s] -- Installing: /home/ashay/robot_ws/src/install/cleaner_bot/share/cleaner_bot/local_setup.sh
[0.586s] -- Installing: /home/ashay/robot_ws/src/install/cleaner_bot/share/cleaner_bot/local_setup.zsh
[0.586s] -- Installing: /home/ashay/robot_ws/src/install/cleaner_bot/share/cleaner_bot/local_setup.dsv
[0.586s] -- Installing: /home/ashay/robot_ws/src/install/cleaner_bot/share/cleaner_bot/package.dsv
[0.586s] -- Installing: /home/ashay/robot_ws/src/install/cleaner_bot/share/ament_index/resource_index/packages/cleaner_bot
[0.586s] -- Installing: /home/ashay/robot_ws/src/install/cleaner_bot/share/cleaner_bot/cmake/cleaner_botConfig.cmake
[0.586s] -- Installing: /home/ashay/robot_ws/src/install/cleaner_bot/share/cleaner_bot/cmake/cleaner_botConfig-version.cmake
[0.586s] -- Installing: /home/ashay/robot_ws/src/install/cleaner_bot/share/cleaner_bot/package.xml
[0.588s] Invoked command in '/home/ashay/robot_ws/src/build/cleaner_bot' returned '0': CMAKE_PREFIX_PATH=${CMAKE_PREFIX_PATH}:/opt/ros/humble /usr/bin/cmake --install /home/ashay/robot_ws/src/build/cleaner_bot
